<?xml version="1.0" encoding="UTF-8"?>
<!-- Generated by org.testng.reporters.JUnitXMLReporter -->
<testsuite ignored="1" hostname="Himanshu_HP" failures="0" tests="1" name="My Test" time="9.383" errors="0" timestamp="2026-05-06T20:15:45 IST">
  <testcase classname="com.mystore.testcases.TC_LoginPageTest" name="AddtoCart" time="2.244"/>
  <testcase classname="com.mystore.testcases.TC_LoginPageTest" name="login" time="0.0">
    <ignored/>
  </testcase> <!-- login -->
</testsuite> <!-- My Test -->
