<?xml version="1.0" encoding="UTF-8"?>
<testng-results ignored="0" total="1" passed="1" failed="0" skipped="0">
  <reporter-output>
  </reporter-output>
  <suite started-at="2026-05-06T20:15:35 IST" name="Suite" finished-at="2026-05-06T20:15:45 IST" duration-ms="9383">
    <groups>
    </groups>
    <test started-at="2026-05-06T20:15:35 IST" name="My Test" finished-at="2026-05-06T20:15:45 IST" duration-ms="9383">
      <class name="com.mystore.testcases.TC_LoginPageTest">
        <test-method is-config="true" signature="setup()[pri:0, instance:com.mystore.testcases.TC_LoginPageTest@815b41f]" started-at="2026-05-06T20:15:36 IST" name="setup" finished-at="2026-05-06T20:15:42 IST" duration-ms="6037" status="PASS">
          <reporter-output>
          </reporter-output>
        </test-method> <!-- setup -->
        <test-method signature="AddtoCart()[pri:0, instance:com.mystore.testcases.TC_LoginPageTest@815b41f]" started-at="2026-05-06T20:15:42 IST" name="AddtoCart" finished-at="2026-05-06T20:15:44 IST" duration-ms="2244" status="PASS">
          <reporter-output>
          </reporter-output>
        </test-method> <!-- AddtoCart -->
        <test-method is-config="true" signature="tearDown()[pri:0, instance:com.mystore.testcases.TC_LoginPageTest@815b41f]" started-at="2026-05-06T20:15:44 IST" name="tearDown" finished-at="2026-05-06T20:15:45 IST" duration-ms="234" status="PASS">
          <reporter-output>
          </reporter-output>
        </test-method> <!-- tearDown -->
      </class> <!-- com.mystore.testcases.TC_LoginPageTest -->
    </test> <!-- My Test -->
  </suite> <!-- Suite -->
</testng-results>
