<?xml version="1.0" encoding="UTF-8"?>
<!-- Generated by org.testng.reporters.JUnitReportReporter -->
<testsuite hostname="Himanshu_HP" failures="0" tests="2" name="com.mystore.testcases.TC_LoginPageTest" time="2.244" errors="0" timestamp="2026-05-06T20:15:46 IST" skipped="1">
  <testcase classname="com.mystore.testcases.TC_LoginPageTest" name="AddtoCart" time="2.244"/>
  <testcase classname="com.mystore.testcases.TC_LoginPageTest" name="login">
    <skipped/>
  </testcase> <!-- login -->
</testsuite> <!-- com.mystore.testcases.TC_LoginPageTest -->
